[0.252s] Invoking command in '/home/sakar04/Documents/PlatformIO/Projects/firmware/ros2_workspace/src/ackermann_robot': PYTHONPATH=/home/sakar04/Documents/PlatformIO/Projects/firmware/ros2_workspace/build/ackermann_robot/prefix_override:/usr/lib/python3/dist-packages/colcon_core/task/python/colcon_distutils_commands:/home/sakar04/Documents/PlatformIO/Projects/firmware/ros2_workspace/install/ackermann_robot/lib/python3.10/site-packages:${PYTHONPATH} /usr/bin/python3 -W ignore:setup.py install is deprecated -W ignore:easy_install command is deprecated setup.py egg_info --egg-base ../../build/ackermann_robot build --build-base /home/sakar04/Documents/PlatformIO/Projects/firmware/ros2_workspace/build/ackermann_robot/build install --record /home/sakar04/Documents/PlatformIO/Projects/firmware/ros2_workspace/build/ackermann_robot/install.log --single-version-externally-managed install_data
[0.352s] running egg_info
[0.352s] writing ../../build/ackermann_robot/ackermann_robot.egg-info/PKG-INFO
[0.352s] writing dependency_links to ../../build/ackermann_robot/ackermann_robot.egg-info/dependency_links.txt
[0.352s] writing entry points to ../../build/ackermann_robot/ackermann_robot.egg-info/entry_points.txt
[0.352s] writing requirements to ../../build/ackermann_robot/ackermann_robot.egg-info/requires.txt
[0.352s] writing top-level names to ../../build/ackermann_robot/ackermann_robot.egg-info/top_level.txt
[0.353s] reading manifest file '../../build/ackermann_robot/ackermann_robot.egg-info/SOURCES.txt'
[0.356s] writing manifest file '../../build/ackermann_robot/ackermann_robot.egg-info/SOURCES.txt'
[0.356s] running build
[0.356s] running build_py
[0.357s] running install
[0.357s] running install_lib
[0.357s] running install_data
[0.357s] running install_egg_info
[0.358s] removing '/home/sakar04/Documents/PlatformIO/Projects/firmware/ros2_workspace/install/ackermann_robot/lib/python3.10/site-packages/ackermann_robot-1.0.0-py3.10.egg-info' (and everything under it)
[0.358s] Copying ../../build/ackermann_robot/ackermann_robot.egg-info to /home/sakar04/Documents/PlatformIO/Projects/firmware/ros2_workspace/install/ackermann_robot/lib/python3.10/site-packages/ackermann_robot-1.0.0-py3.10.egg-info
[0.359s] running install_scripts
[0.369s] Installing hardware_interface script to /home/sakar04/Documents/PlatformIO/Projects/firmware/ros2_workspace/install/ackermann_robot/bin
[0.369s] Installing kinematics_node script to /home/sakar04/Documents/PlatformIO/Projects/firmware/ros2_workspace/install/ackermann_robot/bin
[0.369s] Installing simulation_node script to /home/sakar04/Documents/PlatformIO/Projects/firmware/ros2_workspace/install/ackermann_robot/bin
[0.369s] Installing teleop_node script to /home/sakar04/Documents/PlatformIO/Projects/firmware/ros2_workspace/install/ackermann_robot/bin
[0.369s] writing list of installed files to '/home/sakar04/Documents/PlatformIO/Projects/firmware/ros2_workspace/build/ackermann_robot/install.log'
[0.381s] Invoked command in '/home/sakar04/Documents/PlatformIO/Projects/firmware/ros2_workspace/src/ackermann_robot' returned '0': PYTHONPATH=/home/sakar04/Documents/PlatformIO/Projects/firmware/ros2_workspace/build/ackermann_robot/prefix_override:/usr/lib/python3/dist-packages/colcon_core/task/python/colcon_distutils_commands:/home/sakar04/Documents/PlatformIO/Projects/firmware/ros2_workspace/install/ackermann_robot/lib/python3.10/site-packages:${PYTHONPATH} /usr/bin/python3 -W ignore:setup.py install is deprecated -W ignore:easy_install command is deprecated setup.py egg_info --egg-base ../../build/ackermann_robot build --build-base /home/sakar04/Documents/PlatformIO/Projects/firmware/ros2_workspace/build/ackermann_robot/build install --record /home/sakar04/Documents/PlatformIO/Projects/firmware/ros2_workspace/build/ackermann_robot/install.log --single-version-externally-managed install_data
