[1.098s] Invoking command in '/home/sakar_gaurd/firmware/ros2_workspace/build/ackermann_robot': PYTHONPATH=/home/sakar_gaurd/firmware/ros2_workspace/build/ackermann_robot/prefix_override:/usr/lib/python3/dist-packages/colcon_core/task/python/colcon_distutils_commands:/home/sakar_gaurd/firmware/ros2_workspace/install/ackermann_robot/lib/python3.10/site-packages:${PYTHONPATH} /usr/bin/python3 -W ignore:setup.py install is deprecated -W ignore:easy_install command is deprecated setup.py develop --editable --build-directory /home/sakar_gaurd/firmware/ros2_workspace/build/ackermann_robot/build --no-deps symlink_data --force
[1.598s] running develop
[1.864s] running egg_info
[1.864s] writing ackermann_robot.egg-info/PKG-INFO
[1.865s] writing dependency_links to ackermann_robot.egg-info/dependency_links.txt
[1.865s] writing entry points to ackermann_robot.egg-info/entry_points.txt
[1.865s] writing requirements to ackermann_robot.egg-info/requires.txt
[1.865s] writing top-level names to ackermann_robot.egg-info/top_level.txt
[1.869s] reading manifest file 'ackermann_robot.egg-info/SOURCES.txt'
[1.870s] writing manifest file 'ackermann_robot.egg-info/SOURCES.txt'
[1.873s] running build_ext
[1.873s] Creating /home/sakar_gaurd/firmware/ros2_workspace/install/ackermann_robot/lib/python3.10/site-packages/ackermann-robot.egg-link (link to .)
[1.875s] Installing hardware_interface script to /home/sakar_gaurd/firmware/ros2_workspace/install/ackermann_robot/bin
[1.875s] Installing kinematics_node script to /home/sakar_gaurd/firmware/ros2_workspace/install/ackermann_robot/bin
[1.876s] 
[1.876s] Installed /home/sakar_gaurd/firmware/ros2_workspace/build/ackermann_robot
[1.876s] running symlink_data
[1.876s] symbolically linking /home/sakar_gaurd/firmware/ros2_workspace/build/ackermann_robot/resource/ackermann_robot -> /home/sakar_gaurd/firmware/ros2_workspace/install/ackermann_robot/share/ament_index/resource_index/packages
[1.876s] symbolically linking /home/sakar_gaurd/firmware/ros2_workspace/build/ackermann_robot/package.xml -> /home/sakar_gaurd/firmware/ros2_workspace/install/ackermann_robot/share/ackermann_robot
[1.877s] symbolically linking /home/sakar_gaurd/firmware/ros2_workspace/build/ackermann_robot/launch/ackermann_robot_hardware.launch.py -> /home/sakar_gaurd/firmware/ros2_workspace/install/ackermann_robot/share/ackermann_robot/launch
[1.878s] symbolically linking /home/sakar_gaurd/firmware/ros2_workspace/build/ackermann_robot/launch/ackermann_robot_joystick.launch.py -> /home/sakar_gaurd/firmware/ros2_workspace/install/ackermann_robot/share/ackermann_robot/launch
[1.878s] symbolically linking /home/sakar_gaurd/firmware/ros2_workspace/build/ackermann_robot/config/hardware_params.yaml -> /home/sakar_gaurd/firmware/ros2_workspace/install/ackermann_robot/share/ackermann_robot/config
[1.878s] symbolically linking /home/sakar_gaurd/firmware/ros2_workspace/build/ackermann_robot/config/ps4_joy_config.yaml -> /home/sakar_gaurd/firmware/ros2_workspace/install/ackermann_robot/share/ackermann_robot/config
[1.952s] Invoked command in '/home/sakar_gaurd/firmware/ros2_workspace/build/ackermann_robot' returned '0': PYTHONPATH=/home/sakar_gaurd/firmware/ros2_workspace/build/ackermann_robot/prefix_override:/usr/lib/python3/dist-packages/colcon_core/task/python/colcon_distutils_commands:/home/sakar_gaurd/firmware/ros2_workspace/install/ackermann_robot/lib/python3.10/site-packages:${PYTHONPATH} /usr/bin/python3 -W ignore:setup.py install is deprecated -W ignore:easy_install command is deprecated setup.py develop --editable --build-directory /home/sakar_gaurd/firmware/ros2_workspace/build/ackermann_robot/build --no-deps symlink_data --force
