[1.121s] Invoking command in '/home/sakar_gaurd/firmware/ros2_workspace/src/ackermann_robot': PYTHONPATH=/home/sakar_gaurd/firmware/ros2_workspace/build/ackermann_robot/prefix_override:/usr/lib/python3/dist-packages/colcon_core/task/python/colcon_distutils_commands:/home/sakar_gaurd/firmware/ros2_workspace/install/ackermann_robot/lib/python3.10/site-packages:${PYTHONPATH} /usr/bin/python3 -W ignore:setup.py install is deprecated -W ignore:easy_install command is deprecated setup.py egg_info --egg-base ../../build/ackermann_robot build --build-base /home/sakar_gaurd/firmware/ros2_workspace/build/ackermann_robot/build install --record /home/sakar_gaurd/firmware/ros2_workspace/build/ackermann_robot/install.log --single-version-externally-managed install_data
[1.549s] running egg_info
[1.550s] creating ../../build/ackermann_robot/ackermann_robot.egg-info
[1.550s] writing ../../build/ackermann_robot/ackermann_robot.egg-info/PKG-INFO
[1.550s] writing dependency_links to ../../build/ackermann_robot/ackermann_robot.egg-info/dependency_links.txt
[1.551s] writing entry points to ../../build/ackermann_robot/ackermann_robot.egg-info/entry_points.txt
[1.551s] writing requirements to ../../build/ackermann_robot/ackermann_robot.egg-info/requires.txt
[1.551s] writing top-level names to ../../build/ackermann_robot/ackermann_robot.egg-info/top_level.txt
[1.551s] writing manifest file '../../build/ackermann_robot/ackermann_robot.egg-info/SOURCES.txt'
[1.554s] reading manifest file '../../build/ackermann_robot/ackermann_robot.egg-info/SOURCES.txt'
[1.555s] writing manifest file '../../build/ackermann_robot/ackermann_robot.egg-info/SOURCES.txt'
[1.556s] running build
[1.556s] running build_py
[1.556s] creating /home/sakar_gaurd/firmware/ros2_workspace/build/ackermann_robot/build
[1.556s] creating /home/sakar_gaurd/firmware/ros2_workspace/build/ackermann_robot/build/lib
[1.556s] creating /home/sakar_gaurd/firmware/ros2_workspace/build/ackermann_robot/build/lib/ackermann_robot
[1.556s] copying ackermann_robot/__init__.py -> /home/sakar_gaurd/firmware/ros2_workspace/build/ackermann_robot/build/lib/ackermann_robot
[1.557s] copying ackermann_robot/kinematics_node.py -> /home/sakar_gaurd/firmware/ros2_workspace/build/ackermann_robot/build/lib/ackermann_robot
[1.557s] copying ackermann_robot/hardware_interface.py -> /home/sakar_gaurd/firmware/ros2_workspace/build/ackermann_robot/build/lib/ackermann_robot
[1.557s] copying ackermann_robot/motor_driver.py -> /home/sakar_gaurd/firmware/ros2_workspace/build/ackermann_robot/build/lib/ackermann_robot
[1.557s] copying ackermann_robot/visualization_node.py -> /home/sakar_gaurd/firmware/ros2_workspace/build/ackermann_robot/build/lib/ackermann_robot
[1.558s] copying ackermann_robot/simulation_node.py -> /home/sakar_gaurd/firmware/ros2_workspace/build/ackermann_robot/build/lib/ackermann_robot
[1.558s] running install
[1.559s] running install_lib
[1.560s] creating /home/sakar_gaurd/firmware/ros2_workspace/install/ackermann_robot/lib/python3.10/site-packages/ackermann_robot
[1.560s] copying /home/sakar_gaurd/firmware/ros2_workspace/build/ackermann_robot/build/lib/ackermann_robot/__init__.py -> /home/sakar_gaurd/firmware/ros2_workspace/install/ackermann_robot/lib/python3.10/site-packages/ackermann_robot
[1.561s] copying /home/sakar_gaurd/firmware/ros2_workspace/build/ackermann_robot/build/lib/ackermann_robot/kinematics_node.py -> /home/sakar_gaurd/firmware/ros2_workspace/install/ackermann_robot/lib/python3.10/site-packages/ackermann_robot
[1.561s] copying /home/sakar_gaurd/firmware/ros2_workspace/build/ackermann_robot/build/lib/ackermann_robot/hardware_interface.py -> /home/sakar_gaurd/firmware/ros2_workspace/install/ackermann_robot/lib/python3.10/site-packages/ackermann_robot
[1.561s] copying /home/sakar_gaurd/firmware/ros2_workspace/build/ackermann_robot/build/lib/ackermann_robot/motor_driver.py -> /home/sakar_gaurd/firmware/ros2_workspace/install/ackermann_robot/lib/python3.10/site-packages/ackermann_robot
[1.561s] copying /home/sakar_gaurd/firmware/ros2_workspace/build/ackermann_robot/build/lib/ackermann_robot/visualization_node.py -> /home/sakar_gaurd/firmware/ros2_workspace/install/ackermann_robot/lib/python3.10/site-packages/ackermann_robot
[1.562s] copying /home/sakar_gaurd/firmware/ros2_workspace/build/ackermann_robot/build/lib/ackermann_robot/simulation_node.py -> /home/sakar_gaurd/firmware/ros2_workspace/install/ackermann_robot/lib/python3.10/site-packages/ackermann_robot
[1.563s] byte-compiling /home/sakar_gaurd/firmware/ros2_workspace/install/ackermann_robot/lib/python3.10/site-packages/ackermann_robot/__init__.py to __init__.cpython-310.pyc
[1.563s] byte-compiling /home/sakar_gaurd/firmware/ros2_workspace/install/ackermann_robot/lib/python3.10/site-packages/ackermann_robot/kinematics_node.py to kinematics_node.cpython-310.pyc
[1.568s] byte-compiling /home/sakar_gaurd/firmware/ros2_workspace/install/ackermann_robot/lib/python3.10/site-packages/ackermann_robot/hardware_interface.py to hardware_interface.cpython-310.pyc
[1.570s] byte-compiling /home/sakar_gaurd/firmware/ros2_workspace/install/ackermann_robot/lib/python3.10/site-packages/ackermann_robot/motor_driver.py to motor_driver.cpython-310.pyc
[1.572s] byte-compiling /home/sakar_gaurd/firmware/ros2_workspace/install/ackermann_robot/lib/python3.10/site-packages/ackermann_robot/visualization_node.py to visualization_node.cpython-310.pyc
[1.577s] byte-compiling /home/sakar_gaurd/firmware/ros2_workspace/install/ackermann_robot/lib/python3.10/site-packages/ackermann_robot/simulation_node.py to simulation_node.cpython-310.pyc
[1.580s] running install_data
[1.580s] creating /home/sakar_gaurd/firmware/ros2_workspace/install/ackermann_robot/share/ament_index
[1.580s] creating /home/sakar_gaurd/firmware/ros2_workspace/install/ackermann_robot/share/ament_index/resource_index
[1.580s] creating /home/sakar_gaurd/firmware/ros2_workspace/install/ackermann_robot/share/ament_index/resource_index/packages
[1.581s] copying resource/ackermann_robot -> /home/sakar_gaurd/firmware/ros2_workspace/install/ackermann_robot/share/ament_index/resource_index/packages
[1.581s] copying package.xml -> /home/sakar_gaurd/firmware/ros2_workspace/install/ackermann_robot/share/ackermann_robot
[1.581s] creating /home/sakar_gaurd/firmware/ros2_workspace/install/ackermann_robot/share/ackermann_robot/launch
[1.581s] copying launch/ackermann_robot_with_viz.launch.py -> /home/sakar_gaurd/firmware/ros2_workspace/install/ackermann_robot/share/ackermann_robot/launch
[1.581s] copying launch/ackermann_robot_hardware.launch.py -> /home/sakar_gaurd/firmware/ros2_workspace/install/ackermann_robot/share/ackermann_robot/launch
[1.581s] creating /home/sakar_gaurd/firmware/ros2_workspace/install/ackermann_robot/share/ackermann_robot/config
[1.582s] copying config/robot_params.yaml -> /home/sakar_gaurd/firmware/ros2_workspace/install/ackermann_robot/share/ackermann_robot/config
[1.582s] copying config/hardware_params.yaml -> /home/sakar_gaurd/firmware/ros2_workspace/install/ackermann_robot/share/ackermann_robot/config
[1.582s] running install_egg_info
[1.586s] Copying ../../build/ackermann_robot/ackermann_robot.egg-info to /home/sakar_gaurd/firmware/ros2_workspace/install/ackermann_robot/lib/python3.10/site-packages/ackermann_robot-1.0.0-py3.10.egg-info
[1.587s] running install_scripts
[1.627s] Installing hardware_interface script to /home/sakar_gaurd/firmware/ros2_workspace/install/ackermann_robot/bin
[1.628s] Installing kinematics_node script to /home/sakar_gaurd/firmware/ros2_workspace/install/ackermann_robot/bin
[1.628s] Installing simulation_node script to /home/sakar_gaurd/firmware/ros2_workspace/install/ackermann_robot/bin
[1.628s] Installing visualization_node script to /home/sakar_gaurd/firmware/ros2_workspace/install/ackermann_robot/bin
[1.629s] writing list of installed files to '/home/sakar_gaurd/firmware/ros2_workspace/build/ackermann_robot/install.log'
[1.699s] Invoked command in '/home/sakar_gaurd/firmware/ros2_workspace/src/ackermann_robot' returned '0': PYTHONPATH=/home/sakar_gaurd/firmware/ros2_workspace/build/ackermann_robot/prefix_override:/usr/lib/python3/dist-packages/colcon_core/task/python/colcon_distutils_commands:/home/sakar_gaurd/firmware/ros2_workspace/install/ackermann_robot/lib/python3.10/site-packages:${PYTHONPATH} /usr/bin/python3 -W ignore:setup.py install is deprecated -W ignore:easy_install command is deprecated setup.py egg_info --egg-base ../../build/ackermann_robot build --build-base /home/sakar_gaurd/firmware/ros2_workspace/build/ackermann_robot/build install --record /home/sakar_gaurd/firmware/ros2_workspace/build/ackermann_robot/install.log --single-version-externally-managed install_data
