[1.118s] Invoking command in '/home/sakar_gaurd/firmware/ros2_workspace/src/ackermann_robot': PYTHONPATH=/home/sakar_gaurd/firmware/ros2_workspace/build/ackermann_robot/prefix_override:/usr/lib/python3/dist-packages/colcon_core/task/python/colcon_distutils_commands:/home/sakar_gaurd/firmware/ros2_workspace/install/ackermann_robot/lib/python3.10/site-packages:${PYTHONPATH} /usr/bin/python3 -W ignore:setup.py install is deprecated -W ignore:easy_install command is deprecated setup.py egg_info --egg-base ../../build/ackermann_robot build --build-base /home/sakar_gaurd/firmware/ros2_workspace/build/ackermann_robot/build install --record /home/sakar_gaurd/firmware/ros2_workspace/build/ackermann_robot/install.log --single-version-externally-managed install_data
[1.538s] running egg_info
[1.539s] writing ../../build/ackermann_robot/ackermann_robot.egg-info/PKG-INFO
[1.539s] writing dependency_links to ../../build/ackermann_robot/ackermann_robot.egg-info/dependency_links.txt
[1.540s] writing entry points to ../../build/ackermann_robot/ackermann_robot.egg-info/entry_points.txt
[1.540s] writing requirements to ../../build/ackermann_robot/ackermann_robot.egg-info/requires.txt
[1.540s] writing top-level names to ../../build/ackermann_robot/ackermann_robot.egg-info/top_level.txt
[1.544s] reading manifest file '../../build/ackermann_robot/ackermann_robot.egg-info/SOURCES.txt'
[1.545s] writing manifest file '../../build/ackermann_robot/ackermann_robot.egg-info/SOURCES.txt'
[1.546s] running build
[1.546s] running build_py
[1.546s] running install
[1.547s] running install_lib
[1.550s] running install_data
[1.550s] running install_egg_info
[1.554s] removing '/home/sakar_gaurd/firmware/ros2_workspace/install/ackermann_robot/lib/python3.10/site-packages/ackermann_robot-1.0.0-py3.10.egg-info' (and everything under it)
[1.554s] Copying ../../build/ackermann_robot/ackermann_robot.egg-info to /home/sakar_gaurd/firmware/ros2_workspace/install/ackermann_robot/lib/python3.10/site-packages/ackermann_robot-1.0.0-py3.10.egg-info
[1.556s] running install_scripts
[1.596s] Installing hardware_interface script to /home/sakar_gaurd/firmware/ros2_workspace/install/ackermann_robot/bin
[1.596s] Installing kinematics_node script to /home/sakar_gaurd/firmware/ros2_workspace/install/ackermann_robot/bin
[1.596s] Installing simulation_node script to /home/sakar_gaurd/firmware/ros2_workspace/install/ackermann_robot/bin
[1.596s] Installing visualization_node script to /home/sakar_gaurd/firmware/ros2_workspace/install/ackermann_robot/bin
[1.597s] writing list of installed files to '/home/sakar_gaurd/firmware/ros2_workspace/build/ackermann_robot/install.log'
[1.663s] Invoked command in '/home/sakar_gaurd/firmware/ros2_workspace/src/ackermann_robot' returned '0': PYTHONPATH=/home/sakar_gaurd/firmware/ros2_workspace/build/ackermann_robot/prefix_override:/usr/lib/python3/dist-packages/colcon_core/task/python/colcon_distutils_commands:/home/sakar_gaurd/firmware/ros2_workspace/install/ackermann_robot/lib/python3.10/site-packages:${PYTHONPATH} /usr/bin/python3 -W ignore:setup.py install is deprecated -W ignore:easy_install command is deprecated setup.py egg_info --egg-base ../../build/ackermann_robot build --build-base /home/sakar_gaurd/firmware/ros2_workspace/build/ackermann_robot/build install --record /home/sakar_gaurd/firmware/ros2_workspace/build/ackermann_robot/install.log --single-version-externally-managed install_data
