[1.133s] Invoking command in '/home/sakar_gaurd/firmware/ros2_workspace/src/ackermann_robot': PYTHONPATH=/home/sakar_gaurd/firmware/ros2_workspace/build/ackermann_robot/prefix_override:/usr/lib/python3/dist-packages/colcon_core/task/python/colcon_distutils_commands:/home/sakar_gaurd/firmware/ros2_workspace/install/ackermann_robot/lib/python3.10/site-packages:${PYTHONPATH} /usr/bin/python3 -W ignore:setup.py install is deprecated -W ignore:easy_install command is deprecated setup.py egg_info --egg-base ../../build/ackermann_robot build --build-base /home/sakar_gaurd/firmware/ros2_workspace/build/ackermann_robot/build install --record /home/sakar_gaurd/firmware/ros2_workspace/build/ackermann_robot/install.log --single-version-externally-managed install_data
[1.568s] running egg_info
[1.569s] writing ../../build/ackermann_robot/ackermann_robot.egg-info/PKG-INFO
[1.569s] writing dependency_links to ../../build/ackermann_robot/ackermann_robot.egg-info/dependency_links.txt
[1.570s] writing entry points to ../../build/ackermann_robot/ackermann_robot.egg-info/entry_points.txt
[1.570s] writing requirements to ../../build/ackermann_robot/ackermann_robot.egg-info/requires.txt
[1.570s] writing top-level names to ../../build/ackermann_robot/ackermann_robot.egg-info/top_level.txt
[1.573s] reading manifest file '../../build/ackermann_robot/ackermann_robot.egg-info/SOURCES.txt'
[1.574s] writing manifest file '../../build/ackermann_robot/ackermann_robot.egg-info/SOURCES.txt'
[1.575s] running build
[1.575s] running build_py
[1.575s] running install
[1.576s] running install_lib
[1.578s] running install_data
[1.579s] running install_egg_info
[1.582s] removing '/home/sakar_gaurd/firmware/ros2_workspace/install/ackermann_robot/lib/python3.10/site-packages/ackermann_robot-1.0.0-py3.10.egg-info' (and everything under it)
[1.582s] Copying ../../build/ackermann_robot/ackermann_robot.egg-info to /home/sakar_gaurd/firmware/ros2_workspace/install/ackermann_robot/lib/python3.10/site-packages/ackermann_robot-1.0.0-py3.10.egg-info
[1.584s] running install_scripts
[1.623s] Installing hardware_interface script to /home/sakar_gaurd/firmware/ros2_workspace/install/ackermann_robot/bin
[1.623s] Installing kinematics_node script to /home/sakar_gaurd/firmware/ros2_workspace/install/ackermann_robot/bin
[1.624s] writing list of installed files to '/home/sakar_gaurd/firmware/ros2_workspace/build/ackermann_robot/install.log'
[1.687s] Invoked command in '/home/sakar_gaurd/firmware/ros2_workspace/src/ackermann_robot' returned '0': PYTHONPATH=/home/sakar_gaurd/firmware/ros2_workspace/build/ackermann_robot/prefix_override:/usr/lib/python3/dist-packages/colcon_core/task/python/colcon_distutils_commands:/home/sakar_gaurd/firmware/ros2_workspace/install/ackermann_robot/lib/python3.10/site-packages:${PYTHONPATH} /usr/bin/python3 -W ignore:setup.py install is deprecated -W ignore:easy_install command is deprecated setup.py egg_info --egg-base ../../build/ackermann_robot build --build-base /home/sakar_gaurd/firmware/ros2_workspace/build/ackermann_robot/build install --record /home/sakar_gaurd/firmware/ros2_workspace/build/ackermann_robot/install.log --single-version-externally-managed install_data
