[0.195s] DEBUG:colcon:Command line arguments: ['/usr/bin/colcon', 'build']
[0.195s] DEBUG:colcon:Parsed command line arguments: Namespace(log_base=None, log_level=None, verb_name='build', build_base='build', install_base='install', merge_install=False, symlink_install=False, test_result_base=None, continue_on_error=False, executor='parallel', parallel_workers=6, event_handlers=None, ignore_user_meta=False, metas=['./colcon.meta'], base_paths=['.'], packages_ignore=None, packages_ignore_regex=None, paths=None, packages_up_to=None, packages_up_to_regex=None, packages_above=None, packages_above_and_dependencies=None, packages_above_depth=None, packages_select_by_dep=None, packages_skip_by_dep=None, packages_skip_up_to=None, packages_select_build_failed=False, packages_skip_build_finished=False, packages_select_test_failures=False, packages_skip_test_passed=False, packages_select=None, packages_skip=None, packages_select_regex=None, packages_skip_regex=None, packages_start=None, packages_end=None, allow_overriding=[], cmake_args=None, cmake_target=None, cmake_target_skip_unavailable=False, cmake_clean_cache=False, cmake_clean_first=False, cmake_force_configure=False, ament_cmake_args=None, catkin_cmake_args=None, catkin_skip_building_tests=False, mixin_files=None, mixin=None, verb_parser=<colcon_mixin.mixin.mixin_argument.MixinArgumentDecorator object at 0xffffa6000a00>, verb_extension=<colcon_core.verb.build.BuildVerb object at 0xffffa6000310>, main=<bound method BuildVerb.main of <colcon_core.verb.build.BuildVerb object at 0xffffa6000310>>, mixin_verb=('build',))
[0.476s] Level 1:colcon.colcon_core.package_discovery:discover_packages(colcon_meta) check parameters
[0.476s] Level 1:colcon.colcon_core.package_discovery:discover_packages(recursive) check parameters
[0.476s] Level 1:colcon.colcon_core.package_discovery:discover_packages(ignore) check parameters
[0.476s] Level 1:colcon.colcon_core.package_discovery:discover_packages(path) check parameters
[0.476s] Level 1:colcon.colcon_core.package_discovery:discover_packages(colcon_meta) discover
[0.477s] Level 1:colcon.colcon_core.package_discovery:discover_packages(recursive) discover
[0.477s] INFO:colcon.colcon_core.package_discovery:Crawling recursively for packages in '/home/sakar_gaurd/firmware/ros2_workspace'
[0.477s] Level 1:colcon.colcon_core.package_identification:_identify(.) by extensions ['ignore', 'ignore_ament_install']
[0.477s] Level 1:colcon.colcon_core.package_identification:_identify(.) by extension 'ignore'
[0.477s] Level 1:colcon.colcon_core.package_identification:_identify(.) by extension 'ignore_ament_install'
[0.477s] Level 1:colcon.colcon_core.package_identification:_identify(.) by extensions ['colcon_pkg']
[0.477s] Level 1:colcon.colcon_core.package_identification:_identify(.) by extension 'colcon_pkg'
[0.477s] Level 1:colcon.colcon_core.package_identification:_identify(.) by extensions ['colcon_meta']
[0.478s] Level 1:colcon.colcon_core.package_identification:_identify(.) by extension 'colcon_meta'
[0.478s] Level 1:colcon.colcon_core.package_identification:_identify(.) by extensions ['ros']
[0.478s] Level 1:colcon.colcon_core.package_identification:_identify(.) by extension 'ros'
[0.499s] Level 1:colcon.colcon_core.package_identification:_identify(.) by extensions ['cmake', 'python']
[0.499s] Level 1:colcon.colcon_core.package_identification:_identify(.) by extension 'cmake'
[0.499s] Level 1:colcon.colcon_core.package_identification:_identify(.) by extension 'python'
[0.499s] Level 1:colcon.colcon_core.package_identification:_identify(.) by extensions ['python_setup_py']
[0.499s] Level 1:colcon.colcon_core.package_identification:_identify(.) by extension 'python_setup_py'
[0.499s] Level 1:colcon.colcon_core.package_identification:_identify(build) by extensions ['ignore', 'ignore_ament_install']
[0.499s] Level 1:colcon.colcon_core.package_identification:_identify(build) by extension 'ignore'
[0.500s] Level 1:colcon.colcon_core.package_identification:_identify(build) ignored
[0.500s] Level 1:colcon.colcon_core.package_identification:_identify(install) by extensions ['ignore', 'ignore_ament_install']
[0.500s] Level 1:colcon.colcon_core.package_identification:_identify(install) by extension 'ignore'
[0.500s] Level 1:colcon.colcon_core.package_identification:_identify(install) ignored
[0.500s] Level 1:colcon.colcon_core.package_identification:_identify(log) by extensions ['ignore', 'ignore_ament_install']
[0.500s] Level 1:colcon.colcon_core.package_identification:_identify(log) by extension 'ignore'
[0.501s] Level 1:colcon.colcon_core.package_identification:_identify(log) ignored
[0.501s] Level 1:colcon.colcon_core.package_identification:_identify(src) by extensions ['ignore', 'ignore_ament_install']
[0.501s] Level 1:colcon.colcon_core.package_identification:_identify(src) by extension 'ignore'
[0.501s] Level 1:colcon.colcon_core.package_identification:_identify(src) by extension 'ignore_ament_install'
[0.501s] Level 1:colcon.colcon_core.package_identification:_identify(src) by extensions ['colcon_pkg']
[0.501s] Level 1:colcon.colcon_core.package_identification:_identify(src) by extension 'colcon_pkg'
[0.501s] Level 1:colcon.colcon_core.package_identification:_identify(src) by extensions ['colcon_meta']
[0.501s] Level 1:colcon.colcon_core.package_identification:_identify(src) by extension 'colcon_meta'
[0.501s] Level 1:colcon.colcon_core.package_identification:_identify(src) by extensions ['ros']
[0.501s] Level 1:colcon.colcon_core.package_identification:_identify(src) by extension 'ros'
[0.502s] Level 1:colcon.colcon_core.package_identification:_identify(src) by extensions ['cmake', 'python']
[0.502s] Level 1:colcon.colcon_core.package_identification:_identify(src) by extension 'cmake'
[0.502s] Level 1:colcon.colcon_core.package_identification:_identify(src) by extension 'python'
[0.502s] Level 1:colcon.colcon_core.package_identification:_identify(src) by extensions ['python_setup_py']
[0.502s] Level 1:colcon.colcon_core.package_identification:_identify(src) by extension 'python_setup_py'
[0.502s] Level 1:colcon.colcon_core.package_identification:_identify(src/ackermann_robot) by extensions ['ignore', 'ignore_ament_install']
[0.502s] Level 1:colcon.colcon_core.package_identification:_identify(src/ackermann_robot) by extension 'ignore'
[0.502s] Level 1:colcon.colcon_core.package_identification:_identify(src/ackermann_robot) by extension 'ignore_ament_install'
[0.502s] Level 1:colcon.colcon_core.package_identification:_identify(src/ackermann_robot) by extensions ['colcon_pkg']
[0.502s] Level 1:colcon.colcon_core.package_identification:_identify(src/ackermann_robot) by extension 'colcon_pkg'
[0.503s] Level 1:colcon.colcon_core.package_identification:_identify(src/ackermann_robot) by extensions ['colcon_meta']
[0.503s] Level 1:colcon.colcon_core.package_identification:_identify(src/ackermann_robot) by extension 'colcon_meta'
[0.503s] Level 1:colcon.colcon_core.package_identification:_identify(src/ackermann_robot) by extensions ['ros']
[0.503s] Level 1:colcon.colcon_core.package_identification:_identify(src/ackermann_robot) by extension 'ros'
[0.508s] DEBUG:colcon.colcon_core.package_identification:Package 'src/ackermann_robot' with type 'ros.ament_python' and name 'ackermann_robot'
[0.508s] Level 1:colcon.colcon_core.package_discovery:discover_packages(recursive) using defaults
[0.508s] Level 1:colcon.colcon_core.package_discovery:discover_packages(ignore) discover
[0.508s] Level 1:colcon.colcon_core.package_discovery:discover_packages(ignore) using defaults
[0.508s] Level 1:colcon.colcon_core.package_discovery:discover_packages(path) discover
[0.508s] Level 1:colcon.colcon_core.package_discovery:discover_packages(path) using defaults
[0.542s] Level 1:colcon.colcon_core.package_discovery:discover_packages(prefix_path) check parameters
[0.543s] Level 1:colcon.colcon_core.package_discovery:discover_packages(prefix_path) discover
[0.545s] WARNING:colcon.colcon_ros.prefix_path.ament:The path '/home/sakar_gaurd/firmware/ros2_workspace/install/ackermann_robot' in the environment variable AMENT_PREFIX_PATH doesn't exist
[0.546s] DEBUG:colcon.colcon_installed_package_information.package_discovery:Found 0 installed packages in /home/sakar_gaurd/firmware/ros2_workspace/install
[0.547s] DEBUG:colcon.colcon_installed_package_information.package_discovery:Found 182 installed packages in /opt/ros/humble
[0.551s] Level 1:colcon.colcon_core.package_discovery:discover_packages(prefix_path) using defaults
[0.622s] Level 5:colcon.colcon_core.verb:set package 'ackermann_robot' build argument 'cmake_args' from command line to 'None'
[0.622s] Level 5:colcon.colcon_core.verb:set package 'ackermann_robot' build argument 'cmake_target' from command line to 'None'
[0.622s] Level 5:colcon.colcon_core.verb:set package 'ackermann_robot' build argument 'cmake_target_skip_unavailable' from command line to 'False'
[0.622s] Level 5:colcon.colcon_core.verb:set package 'ackermann_robot' build argument 'cmake_clean_cache' from command line to 'False'
[0.622s] Level 5:colcon.colcon_core.verb:set package 'ackermann_robot' build argument 'cmake_clean_first' from command line to 'False'
[0.622s] Level 5:colcon.colcon_core.verb:set package 'ackermann_robot' build argument 'cmake_force_configure' from command line to 'False'
[0.622s] Level 5:colcon.colcon_core.verb:set package 'ackermann_robot' build argument 'ament_cmake_args' from command line to 'None'
[0.622s] Level 5:colcon.colcon_core.verb:set package 'ackermann_robot' build argument 'catkin_cmake_args' from command line to 'None'
[0.622s] Level 5:colcon.colcon_core.verb:set package 'ackermann_robot' build argument 'catkin_skip_building_tests' from command line to 'False'
[0.622s] DEBUG:colcon.colcon_core.verb:Building package 'ackermann_robot' with the following arguments: {'ament_cmake_args': None, 'build_base': '/home/sakar_gaurd/firmware/ros2_workspace/build/ackermann_robot', 'catkin_cmake_args': None, 'catkin_skip_building_tests': False, 'cmake_args': None, 'cmake_clean_cache': False, 'cmake_clean_first': False, 'cmake_force_configure': False, 'cmake_target': None, 'cmake_target_skip_unavailable': False, 'install_base': '/home/sakar_gaurd/firmware/ros2_workspace/install/ackermann_robot', 'merge_install': False, 'path': '/home/sakar_gaurd/firmware/ros2_workspace/src/ackermann_robot', 'symlink_install': False, 'test_result_base': None}
[0.623s] INFO:colcon.colcon_core.executor:Executing jobs using 'parallel' executor
[0.625s] DEBUG:colcon.colcon_parallel_executor.executor.parallel:run_until_complete
[0.625s] INFO:colcon.colcon_ros.task.ament_python.build:Building ROS package in '/home/sakar_gaurd/firmware/ros2_workspace/src/ackermann_robot' with build type 'ament_python'
[0.625s] Level 1:colcon.colcon_core.shell:create_environment_hook('ackermann_robot', 'ament_prefix_path')
[0.629s] INFO:colcon.colcon_core.plugin_system:Skipping extension 'colcon_core.shell.bat': Not used on non-Windows systems
[0.629s] INFO:colcon.colcon_core.shell:Creating environment hook '/home/sakar_gaurd/firmware/ros2_workspace/install/ackermann_robot/share/ackermann_robot/hook/ament_prefix_path.ps1'
[0.631s] INFO:colcon.colcon_core.shell:Creating environment descriptor '/home/sakar_gaurd/firmware/ros2_workspace/install/ackermann_robot/share/ackermann_robot/hook/ament_prefix_path.dsv'
[0.632s] INFO:colcon.colcon_core.shell:Creating environment hook '/home/sakar_gaurd/firmware/ros2_workspace/install/ackermann_robot/share/ackermann_robot/hook/ament_prefix_path.sh'
[0.633s] INFO:colcon.colcon_core.shell:Skip shell extension 'powershell' for command environment: Not usable outside of PowerShell
[0.633s] DEBUG:colcon.colcon_core.shell:Skip shell extension 'dsv' for command environment
[1.083s] INFO:colcon.colcon_core.task.python.build:Building Python package in '/home/sakar_gaurd/firmware/ros2_workspace/src/ackermann_robot'
[1.083s] INFO:colcon.colcon_core.shell:Skip shell extension 'powershell' for command environment: Not usable outside of PowerShell
[1.083s] DEBUG:colcon.colcon_core.shell:Skip shell extension 'dsv' for command environment
[1.683s] DEBUG:colcon.colcon_core.event_handler.log_command:Invoking command in '/home/sakar_gaurd/firmware/ros2_workspace/src/ackermann_robot': PYTHONPATH=/home/sakar_gaurd/firmware/ros2_workspace/build/ackermann_robot/prefix_override:/usr/lib/python3/dist-packages/colcon_core/task/python/colcon_distutils_commands:/home/sakar_gaurd/firmware/ros2_workspace/install/ackermann_robot/lib/python3.10/site-packages:${PYTHONPATH} /usr/bin/python3 -W ignore:setup.py install is deprecated -W ignore:easy_install command is deprecated setup.py egg_info --egg-base ../../build/ackermann_robot build --build-base /home/sakar_gaurd/firmware/ros2_workspace/build/ackermann_robot/build install --record /home/sakar_gaurd/firmware/ros2_workspace/build/ackermann_robot/install.log --single-version-externally-managed install_data
[2.229s] DEBUG:colcon.colcon_core.event_handler.log_command:Invoked command in '/home/sakar_gaurd/firmware/ros2_workspace/src/ackermann_robot' returned '0': PYTHONPATH=/home/sakar_gaurd/firmware/ros2_workspace/build/ackermann_robot/prefix_override:/usr/lib/python3/dist-packages/colcon_core/task/python/colcon_distutils_commands:/home/sakar_gaurd/firmware/ros2_workspace/install/ackermann_robot/lib/python3.10/site-packages:${PYTHONPATH} /usr/bin/python3 -W ignore:setup.py install is deprecated -W ignore:easy_install command is deprecated setup.py egg_info --egg-base ../../build/ackermann_robot build --build-base /home/sakar_gaurd/firmware/ros2_workspace/build/ackermann_robot/build install --record /home/sakar_gaurd/firmware/ros2_workspace/build/ackermann_robot/install.log --single-version-externally-managed install_data
[2.241s] Level 1:colcon.colcon_core.environment:checking '/home/sakar_gaurd/firmware/ros2_workspace/install/ackermann_robot' for CMake module files
[2.242s] Level 1:colcon.colcon_core.environment:checking '/home/sakar_gaurd/firmware/ros2_workspace/install/ackermann_robot' for CMake config files
[2.243s] Level 1:colcon.colcon_core.environment:checking '/home/sakar_gaurd/firmware/ros2_workspace/install/ackermann_robot/lib'
[2.244s] Level 1:colcon.colcon_core.environment:checking '/home/sakar_gaurd/firmware/ros2_workspace/install/ackermann_robot/bin'
[2.244s] Level 1:colcon.colcon_core.shell:create_environment_hook('ackermann_robot', 'path')
[2.245s] INFO:colcon.colcon_core.shell:Creating environment hook '/home/sakar_gaurd/firmware/ros2_workspace/install/ackermann_robot/share/ackermann_robot/hook/path.ps1'
[2.246s] INFO:colcon.colcon_core.shell:Creating environment descriptor '/home/sakar_gaurd/firmware/ros2_workspace/install/ackermann_robot/share/ackermann_robot/hook/path.dsv'
[2.247s] INFO:colcon.colcon_core.shell:Creating environment hook '/home/sakar_gaurd/firmware/ros2_workspace/install/ackermann_robot/share/ackermann_robot/hook/path.sh'
[2.249s] Level 1:colcon.colcon_core.environment:checking '/home/sakar_gaurd/firmware/ros2_workspace/install/ackermann_robot/lib/pkgconfig/ackermann_robot.pc'
[2.250s] Level 1:colcon.colcon_core.environment:checking '/home/sakar_gaurd/firmware/ros2_workspace/install/ackermann_robot/lib/python3.10/site-packages'
[2.250s] Level 1:colcon.colcon_core.shell:create_environment_hook('ackermann_robot', 'pythonpath')
[2.251s] INFO:colcon.colcon_core.shell:Creating environment hook '/home/sakar_gaurd/firmware/ros2_workspace/install/ackermann_robot/share/ackermann_robot/hook/pythonpath.ps1'
[2.252s] INFO:colcon.colcon_core.shell:Creating environment descriptor '/home/sakar_gaurd/firmware/ros2_workspace/install/ackermann_robot/share/ackermann_robot/hook/pythonpath.dsv'
[2.253s] INFO:colcon.colcon_core.shell:Creating environment hook '/home/sakar_gaurd/firmware/ros2_workspace/install/ackermann_robot/share/ackermann_robot/hook/pythonpath.sh'
[2.255s] Level 1:colcon.colcon_core.environment:checking '/home/sakar_gaurd/firmware/ros2_workspace/install/ackermann_robot/bin'
[2.256s] Level 1:colcon.colcon_core.shell:create_environment_hook('ackermann_robot', 'pythonscriptspath')
[2.256s] INFO:colcon.colcon_core.shell:Creating environment hook '/home/sakar_gaurd/firmware/ros2_workspace/install/ackermann_robot/share/ackermann_robot/hook/pythonscriptspath.ps1'
[2.258s] INFO:colcon.colcon_core.shell:Creating environment descriptor '/home/sakar_gaurd/firmware/ros2_workspace/install/ackermann_robot/share/ackermann_robot/hook/pythonscriptspath.dsv'
[2.259s] INFO:colcon.colcon_core.shell:Creating environment hook '/home/sakar_gaurd/firmware/ros2_workspace/install/ackermann_robot/share/ackermann_robot/hook/pythonscriptspath.sh'
[2.260s] Level 1:colcon.colcon_core.environment:create_environment_scripts_only(ackermann_robot)
[2.262s] INFO:colcon.colcon_core.shell:Creating package script '/home/sakar_gaurd/firmware/ros2_workspace/install/ackermann_robot/share/ackermann_robot/package.ps1'
[2.265s] INFO:colcon.colcon_core.shell:Creating package descriptor '/home/sakar_gaurd/firmware/ros2_workspace/install/ackermann_robot/share/ackermann_robot/package.dsv'
[2.268s] INFO:colcon.colcon_core.shell:Creating package script '/home/sakar_gaurd/firmware/ros2_workspace/install/ackermann_robot/share/ackermann_robot/package.sh'
[2.271s] INFO:colcon.colcon_core.shell:Creating package script '/home/sakar_gaurd/firmware/ros2_workspace/install/ackermann_robot/share/ackermann_robot/package.bash'
[2.274s] INFO:colcon.colcon_core.shell:Creating package script '/home/sakar_gaurd/firmware/ros2_workspace/install/ackermann_robot/share/ackermann_robot/package.zsh'
[2.277s] Level 1:colcon.colcon_core.environment:create_file_with_runtime_dependencies(/home/sakar_gaurd/firmware/ros2_workspace/install/ackermann_robot/share/colcon-core/packages/ackermann_robot)
[2.278s] DEBUG:colcon.colcon_parallel_executor.executor.parallel:closing loop
[2.279s] DEBUG:colcon.colcon_parallel_executor.executor.parallel:loop closed
[2.279s] DEBUG:colcon.colcon_parallel_executor.executor.parallel:run_until_complete finished with '0'
[2.280s] DEBUG:colcon.colcon_core.event_reactor:joining thread
[2.298s] INFO:colcon.colcon_core.plugin_system:Skipping extension 'colcon_notification.desktop_notification.terminal_notifier': Not used on non-Darwin systems
[2.298s] INFO:colcon.colcon_core.plugin_system:Skipping extension 'colcon_notification.desktop_notification.win32': Not used on non-Windows systems
[2.298s] INFO:colcon.colcon_notification.desktop_notification:Sending desktop notification using 'notify2'
[2.326s] DEBUG:colcon.colcon_notification.desktop_notification.notify2:Failed to initialize notify2: org.freedesktop.DBus.Error.Spawn.ChildExited: Process org.freedesktop.Notifications exited with status 1
[2.326s] DEBUG:colcon.colcon_core.event_reactor:joined thread
[2.327s] INFO:colcon.colcon_core.shell:Creating prefix script '/home/sakar_gaurd/firmware/ros2_workspace/install/local_setup.ps1'
[2.329s] INFO:colcon.colcon_core.shell:Creating prefix util module '/home/sakar_gaurd/firmware/ros2_workspace/install/_local_setup_util_ps1.py'
[2.334s] INFO:colcon.colcon_core.shell:Creating prefix chain script '/home/sakar_gaurd/firmware/ros2_workspace/install/setup.ps1'
[2.338s] INFO:colcon.colcon_core.shell:Creating prefix script '/home/sakar_gaurd/firmware/ros2_workspace/install/local_setup.sh'
[2.340s] INFO:colcon.colcon_core.shell:Creating prefix util module '/home/sakar_gaurd/firmware/ros2_workspace/install/_local_setup_util_sh.py'
[2.342s] INFO:colcon.colcon_core.shell:Creating prefix chain script '/home/sakar_gaurd/firmware/ros2_workspace/install/setup.sh'
[2.346s] INFO:colcon.colcon_core.shell:Creating prefix script '/home/sakar_gaurd/firmware/ros2_workspace/install/local_setup.bash'
[2.348s] INFO:colcon.colcon_core.shell:Creating prefix chain script '/home/sakar_gaurd/firmware/ros2_workspace/install/setup.bash'
[2.351s] INFO:colcon.colcon_core.shell:Creating prefix script '/home/sakar_gaurd/firmware/ros2_workspace/install/local_setup.zsh'
[2.353s] INFO:colcon.colcon_core.shell:Creating prefix chain script '/home/sakar_gaurd/firmware/ros2_workspace/install/setup.zsh'
