running egg_info
writing ../../build/ackermann_robot/ackermann_robot.egg-info/PKG-INFO
writing dependency_links to ../../build/ackermann_robot/ackermann_robot.egg-info/dependency_links.txt
writing entry points to ../../build/ackermann_robot/ackermann_robot.egg-info/entry_points.txt
writing requirements to ../../build/ackermann_robot/ackermann_robot.egg-info/requires.txt
writing top-level names to ../../build/ackermann_robot/ackermann_robot.egg-info/top_level.txt
reading manifest file '../../build/ackermann_robot/ackermann_robot.egg-info/SOURCES.txt'
writing manifest file '../../build/ackermann_robot/ackermann_robot.egg-info/SOURCES.txt'
running build
running build_py
running install
running install_lib
running install_data
copying launch/ackermann_robot_hardware.launch.py -> /home/sakar_gaurd/firmware/ros2_workspace/install/ackermann_robot/share/ackermann_robot/launch
copying launch/ackermann_robot_joystick.launch.py -> /home/sakar_gaurd/firmware/ros2_workspace/install/ackermann_robot/share/ackermann_robot/launch
copying config/ps4_joy_config.yaml -> /home/sakar_gaurd/firmware/ros2_workspace/install/ackermann_robot/share/ackermann_robot/config
running install_egg_info
removing '/home/sakar_gaurd/firmware/ros2_workspace/install/ackermann_robot/lib/python3.10/site-packages/ackermann_robot-1.0.0-py3.10.egg-info' (and everything under it)
Copying ../../build/ackermann_robot/ackermann_robot.egg-info to /home/sakar_gaurd/firmware/ros2_workspace/install/ackermann_robot/lib/python3.10/site-packages/ackermann_robot-1.0.0-py3.10.egg-info
running install_scripts
Installing hardware_interface script to /home/sakar_gaurd/firmware/ros2_workspace/install/ackermann_robot/bin
Installing kinematics_node script to /home/sakar_gaurd/firmware/ros2_workspace/install/ackermann_robot/bin
writing list of installed files to '/home/sakar_gaurd/firmware/ros2_workspace/build/ackermann_robot/install.log'
