[1.110s] Invoking command in '/home/sakar_gaurd/firmware/ros2_workspace/src/ackermann_robot': PYTHONPATH=/home/sakar_gaurd/firmware/ros2_workspace/build/ackermann_robot/prefix_override:/usr/lib/python3/dist-packages/colcon_core/task/python/colcon_distutils_commands:/home/sakar_gaurd/firmware/ros2_workspace/install/ackermann_robot/lib/python3.10/site-packages:${PYTHONPATH} /usr/bin/python3 -W ignore:setup.py install is deprecated -W ignore:easy_install command is deprecated setup.py egg_info --egg-base ../../build/ackermann_robot build --build-base /home/sakar_gaurd/firmware/ros2_workspace/build/ackermann_robot/build install --record /home/sakar_gaurd/firmware/ros2_workspace/build/ackermann_robot/install.log --single-version-externally-managed install_data
[1.530s] running egg_info
[1.531s] writing ../../build/ackermann_robot/ackermann_robot.egg-info/PKG-INFO
[1.534s] writing dependency_links to ../../build/ackermann_robot/ackermann_robot.egg-info/dependency_links.txt
[1.534s] writing entry points to ../../build/ackermann_robot/ackermann_robot.egg-info/entry_points.txt
[1.534s] writing requirements to ../../build/ackermann_robot/ackermann_robot.egg-info/requires.txt
[1.534s] writing top-level names to ../../build/ackermann_robot/ackermann_robot.egg-info/top_level.txt
[1.536s] reading manifest file '../../build/ackermann_robot/ackermann_robot.egg-info/SOURCES.txt'
[1.538s] writing manifest file '../../build/ackermann_robot/ackermann_robot.egg-info/SOURCES.txt'
[1.538s] running build
[1.538s] running build_py
[1.540s] running install
[1.540s] running install_lib
[1.543s] byte-compiling /home/sakar_gaurd/firmware/ros2_workspace/install/ackermann_robot/lib/python3.10/site-packages/ackermann_robot/hardware_interface_backup.py to hardware_interface_backup.cpython-310.pyc
[1.547s]   File "/home/sakar_gaurd/firmware/ros2_workspace/install/ackermann_robot/lib/python3.10/site-packages/ackermann_robot/hardware_interface_backup.py", line 212
[1.547s]     return False    def read_positions(self) -> tuple[float, float]:
[1.547s]                     ^^^
[1.548s] SyntaxError: invalid syntax
[1.548s] 
[1.548s] running install_data
[1.548s] running install_egg_info
[1.551s] removing '/home/sakar_gaurd/firmware/ros2_workspace/install/ackermann_robot/lib/python3.10/site-packages/ackermann_robot-1.0.0-py3.10.egg-info' (and everything under it)
[1.551s] Copying ../../build/ackermann_robot/ackermann_robot.egg-info to /home/sakar_gaurd/firmware/ros2_workspace/install/ackermann_robot/lib/python3.10/site-packages/ackermann_robot-1.0.0-py3.10.egg-info
[1.553s] running install_scripts
[1.594s] Installing hardware_interface script to /home/sakar_gaurd/firmware/ros2_workspace/install/ackermann_robot/bin
[1.595s] Installing kinematics_node script to /home/sakar_gaurd/firmware/ros2_workspace/install/ackermann_robot/bin
[1.595s] Installing simulation_node script to /home/sakar_gaurd/firmware/ros2_workspace/install/ackermann_robot/bin
[1.595s] Installing visualization_node script to /home/sakar_gaurd/firmware/ros2_workspace/install/ackermann_robot/bin
[1.596s] writing list of installed files to '/home/sakar_gaurd/firmware/ros2_workspace/build/ackermann_robot/install.log'
[1.663s] Invoked command in '/home/sakar_gaurd/firmware/ros2_workspace/src/ackermann_robot' returned '0': PYTHONPATH=/home/sakar_gaurd/firmware/ros2_workspace/build/ackermann_robot/prefix_override:/usr/lib/python3/dist-packages/colcon_core/task/python/colcon_distutils_commands:/home/sakar_gaurd/firmware/ros2_workspace/install/ackermann_robot/lib/python3.10/site-packages:${PYTHONPATH} /usr/bin/python3 -W ignore:setup.py install is deprecated -W ignore:easy_install command is deprecated setup.py egg_info --egg-base ../../build/ackermann_robot build --build-base /home/sakar_gaurd/firmware/ros2_workspace/build/ackermann_robot/build install --record /home/sakar_gaurd/firmware/ros2_workspace/build/ackermann_robot/install.log --single-version-externally-managed install_data
