[1.088s] Invoking command in '/home/sakar_gaurd/firmware/ros2_workspace/build/ackermann_robot': PYTHONPATH=/home/sakar_gaurd/firmware/ros2_workspace/build/ackermann_robot/prefix_override:/usr/lib/python3/dist-packages/colcon_core/task/python/colcon_distutils_commands:/home/sakar_gaurd/firmware/ros2_workspace/install/ackermann_robot/lib/python3.10/site-packages:${PYTHONPATH} /usr/bin/python3 -W ignore:setup.py install is deprecated -W ignore:easy_install command is deprecated setup.py develop --uninstall --editable --build-directory /home/sakar_gaurd/firmware/ros2_workspace/build/ackermann_robot/build
[1.559s] running develop
[1.829s] Removing /home/sakar_gaurd/firmware/ros2_workspace/install/ackermann_robot/lib/python3.10/site-packages/ackermann-robot.egg-link (link to .)
[1.902s] Invoked command in '/home/sakar_gaurd/firmware/ros2_workspace/build/ackermann_robot' returned '0': PYTHONPATH=/home/sakar_gaurd/firmware/ros2_workspace/build/ackermann_robot/prefix_override:/usr/lib/python3/dist-packages/colcon_core/task/python/colcon_distutils_commands:/home/sakar_gaurd/firmware/ros2_workspace/install/ackermann_robot/lib/python3.10/site-packages:${PYTHONPATH} /usr/bin/python3 -W ignore:setup.py install is deprecated -W ignore:easy_install command is deprecated setup.py develop --uninstall --editable --build-directory /home/sakar_gaurd/firmware/ros2_workspace/build/ackermann_robot/build
[1.906s] Invoking command in '/home/sakar_gaurd/firmware/ros2_workspace/src/ackermann_robot': PYTHONPATH=/home/sakar_gaurd/firmware/ros2_workspace/build/ackermann_robot/prefix_override:/usr/lib/python3/dist-packages/colcon_core/task/python/colcon_distutils_commands:/home/sakar_gaurd/firmware/ros2_workspace/install/ackermann_robot/lib/python3.10/site-packages:${PYTHONPATH} /usr/bin/python3 -W ignore:setup.py install is deprecated -W ignore:easy_install command is deprecated setup.py egg_info --egg-base ../../build/ackermann_robot build --build-base /home/sakar_gaurd/firmware/ros2_workspace/build/ackermann_robot/build install --record /home/sakar_gaurd/firmware/ros2_workspace/build/ackermann_robot/install.log --single-version-externally-managed install_data --force
[2.338s] running egg_info
[2.339s] writing ../../build/ackermann_robot/ackermann_robot.egg-info/PKG-INFO
[2.340s] writing dependency_links to ../../build/ackermann_robot/ackermann_robot.egg-info/dependency_links.txt
[2.340s] writing entry points to ../../build/ackermann_robot/ackermann_robot.egg-info/entry_points.txt
[2.341s] writing requirements to ../../build/ackermann_robot/ackermann_robot.egg-info/requires.txt
[2.341s] writing top-level names to ../../build/ackermann_robot/ackermann_robot.egg-info/top_level.txt
[2.344s] reading manifest file '../../build/ackermann_robot/ackermann_robot.egg-info/SOURCES.txt'
[2.346s] writing manifest file '../../build/ackermann_robot/ackermann_robot.egg-info/SOURCES.txt'
[2.346s] running build
[2.346s] running build_py
[2.347s] running install
[2.347s] running install_lib
[2.348s] creating /home/sakar_gaurd/firmware/ros2_workspace/install/ackermann_robot/lib/python3.10/site-packages/ackermann_robot
[2.349s] copying /home/sakar_gaurd/firmware/ros2_workspace/build/ackermann_robot/build/lib/ackermann_robot/__init__.py -> /home/sakar_gaurd/firmware/ros2_workspace/install/ackermann_robot/lib/python3.10/site-packages/ackermann_robot
[2.349s] copying /home/sakar_gaurd/firmware/ros2_workspace/build/ackermann_robot/build/lib/ackermann_robot/kinematics_node.py -> /home/sakar_gaurd/firmware/ros2_workspace/install/ackermann_robot/lib/python3.10/site-packages/ackermann_robot
[2.349s] copying /home/sakar_gaurd/firmware/ros2_workspace/build/ackermann_robot/build/lib/ackermann_robot/hardware_interface.py -> /home/sakar_gaurd/firmware/ros2_workspace/install/ackermann_robot/lib/python3.10/site-packages/ackermann_robot
[2.350s] copying /home/sakar_gaurd/firmware/ros2_workspace/build/ackermann_robot/build/lib/ackermann_robot/motor_driver.py -> /home/sakar_gaurd/firmware/ros2_workspace/install/ackermann_robot/lib/python3.10/site-packages/ackermann_robot
[2.350s] byte-compiling /home/sakar_gaurd/firmware/ros2_workspace/install/ackermann_robot/lib/python3.10/site-packages/ackermann_robot/__init__.py to __init__.cpython-310.pyc
[2.351s] byte-compiling /home/sakar_gaurd/firmware/ros2_workspace/install/ackermann_robot/lib/python3.10/site-packages/ackermann_robot/kinematics_node.py to kinematics_node.cpython-310.pyc
[2.355s] byte-compiling /home/sakar_gaurd/firmware/ros2_workspace/install/ackermann_robot/lib/python3.10/site-packages/ackermann_robot/hardware_interface.py to hardware_interface.cpython-310.pyc
[2.358s] byte-compiling /home/sakar_gaurd/firmware/ros2_workspace/install/ackermann_robot/lib/python3.10/site-packages/ackermann_robot/motor_driver.py to motor_driver.cpython-310.pyc
[2.359s] running install_data
[2.360s] copying resource/ackermann_robot -> /home/sakar_gaurd/firmware/ros2_workspace/install/ackermann_robot/share/ament_index/resource_index/packages
[2.360s] copying package.xml -> /home/sakar_gaurd/firmware/ros2_workspace/install/ackermann_robot/share/ackermann_robot
[2.360s] copying launch/ackermann_robot_hardware.launch.py -> /home/sakar_gaurd/firmware/ros2_workspace/install/ackermann_robot/share/ackermann_robot/launch
[2.361s] copying launch/ackermann_robot_joystick.launch.py -> /home/sakar_gaurd/firmware/ros2_workspace/install/ackermann_robot/share/ackermann_robot/launch
[2.361s] copying config/hardware_params.yaml -> /home/sakar_gaurd/firmware/ros2_workspace/install/ackermann_robot/share/ackermann_robot/config
[2.361s] copying config/ps4_joy_config.yaml -> /home/sakar_gaurd/firmware/ros2_workspace/install/ackermann_robot/share/ackermann_robot/config
[2.362s] running install_egg_info
[2.365s] Copying ../../build/ackermann_robot/ackermann_robot.egg-info to /home/sakar_gaurd/firmware/ros2_workspace/install/ackermann_robot/lib/python3.10/site-packages/ackermann_robot-1.0.0-py3.10.egg-info
[2.366s] running install_scripts
[2.405s] Installing hardware_interface script to /home/sakar_gaurd/firmware/ros2_workspace/install/ackermann_robot/bin
[2.405s] Installing kinematics_node script to /home/sakar_gaurd/firmware/ros2_workspace/install/ackermann_robot/bin
[2.406s] writing list of installed files to '/home/sakar_gaurd/firmware/ros2_workspace/build/ackermann_robot/install.log'
[2.472s] Invoked command in '/home/sakar_gaurd/firmware/ros2_workspace/src/ackermann_robot' returned '0': PYTHONPATH=/home/sakar_gaurd/firmware/ros2_workspace/build/ackermann_robot/prefix_override:/usr/lib/python3/dist-packages/colcon_core/task/python/colcon_distutils_commands:/home/sakar_gaurd/firmware/ros2_workspace/install/ackermann_robot/lib/python3.10/site-packages:${PYTHONPATH} /usr/bin/python3 -W ignore:setup.py install is deprecated -W ignore:easy_install command is deprecated setup.py egg_info --egg-base ../../build/ackermann_robot build --build-base /home/sakar_gaurd/firmware/ros2_workspace/build/ackermann_robot/build install --record /home/sakar_gaurd/firmware/ros2_workspace/build/ackermann_robot/install.log --single-version-externally-managed install_data --force
